<?xml version="1.0" encoding="UTF-8"?>
<!-- Generated by org.testng.reporters.JUnitReportReporter -->
<testsuite hostname="Dell-Inspiron-5501" failures="0" tests="1" name="testcase.manufacturer.testng.ST_AddEdDeProduct5_UsingBaseClassTest" time="27.814" errors="0" timestamp="2023-01-11T10:54:38 IST" skipped="0">
  <testcase classname="testcase.manufacturer.testng.ST_AddEdDeProduct5_UsingBaseClassTest" name="addProduct" time="27.814"/>
  <system-out/>
</testsuite> <!-- testcase.manufacturer.testng.ST_AddEdDeProduct5_UsingBaseClassTest -->
