<?xml version="1.0" encoding="UTF-8"?>
<!-- Generated by org.testng.reporters.JUnitReportReporter -->
<testsuite hostname="Dell-Inspiron-5501" failures="0" tests="3" name="testng.practice.DataProviderExample2" time="0.008" errors="0" timestamp="2023-01-11T10:35:05 IST" skipped="0">
  <testcase classname="testng.practice.DataProviderExample2" name="ticketBooking" time="0.006"/>
  <system-out/>
  <testcase classname="testng.practice.DataProviderExample2" name="ticketBooking" time="0.001"/>
  <system-out/>
  <testcase classname="testng.practice.DataProviderExample2" name="ticketBooking" time="0.001"/>
  <system-out/>
</testsuite> <!-- testng.practice.DataProviderExample2 -->
