<?xml version="1.0" encoding="UTF-8"?>
<!-- Generated by org.testng.reporters.JUnitReportReporter -->
<testsuite hostname="Dell-Inspiron-5501" failures="0" tests="2" name="testcase.testng.AllAnnotations" time="0.007" errors="0" timestamp="2023-01-09T13:17:27 IST" skipped="0">
  <testcase classname="testcase.testng.AllAnnotations" name="test2" time="0.002"/>
  <system-out/>
  <testcase classname="testcase.testng.AllAnnotations" name="test" time="0.005"/>
  <system-out/>
</testsuite> <!-- testcase.testng.AllAnnotations -->
