<?xml version="1.0" encoding="UTF-8"?>
<!-- Generated by org.testng.reporters.JUnitReportReporter -->
<testsuite hostname="Dell-Inspiron-5501" failures="0" tests="1" name="testcase.manufacturer.ST_AddProduct5_UsingTestNGTest" time="23.148" errors="0" timestamp="2023-01-06T17:39:45 IST" skipped="0">
  <testcase classname="testcase.manufacturer.ST_AddProduct5_UsingTestNGTest" name="main" time="23.148"/>
  <system-out/>
</testsuite> <!-- testcase.manufacturer.ST_AddProduct5_UsingTestNGTest -->
