<?xml version="1.0" encoding="UTF-8"?>
<!-- Generated by org.testng.reporters.JUnitReportReporter -->
<testsuite hostname="Dell-Inspiron-5501" failures="0" tests="3" name="testcase.testng.BasicExample2" time="0.011" errors="0" timestamp="2023-01-09T15:08:29 IST" skipped="0">
  <testcase classname="testcase.testng.BasicExample2" name="ticketBooking" time="0.002"/>
  <system-out/>
  <testcase classname="testcase.testng.BasicExample2" name="ticketBooking" time="0.008"/>
  <system-out/>
  <testcase classname="testcase.testng.BasicExample2" name="ticketBooking" time="0.001"/>
  <system-out/>
</testsuite> <!-- testcase.testng.BasicExample2 -->
