<?xml version="1.0" encoding="UTF-8"?>
<!-- Generated by org.testng.reporters.JUnitReportReporter -->
<testsuite hostname="Dell-Inspiron-5501" failures="0" tests="6" name="testng.practice.GroupExecutionEx2" time="11.402" errors="0" timestamp="2023-01-11T12:34:37 IST" skipped="0">
  <testcase classname="testng.practice.GroupExecutionEx2" name="d" time="3.914"/>
  <system-out>
    <![CDATA[d]]>
  </system-out>
  <testcase classname="testng.practice.GroupExecutionEx2" name="e" time="0.000"/>
  <system-out>
    <![CDATA[e]]>
  </system-out>
  <testcase classname="testng.practice.GroupExecutionEx2" name="f" time="0.170"/>
  <system-out>
    <![CDATA[f]]>
  </system-out>
  <testcase classname="testng.practice.GroupExecutionEx2" name="e" time="0.002"/>
  <system-out>
    <![CDATA[e]]>
  </system-out>
  <testcase classname="testng.practice.GroupExecutionEx2" name="d" time="6.459"/>
  <system-out>
    <![CDATA[d]]>
  </system-out>
  <testcase classname="testng.practice.GroupExecutionEx2" name="f" time="0.857"/>
  <system-out>
    <![CDATA[f]]>
  </system-out>
</testsuite> <!-- testng.practice.GroupExecutionEx2 -->
