<?xml version="1.0" encoding="UTF-8"?>
<!-- Generated by org.testng.reporters.JUnitReportReporter -->
<testsuite hostname="Dell-Inspiron-5501" failures="0" tests="1" name="testcase.manufacturer.ST_AddProductsOnlyAndCheckInAdminList_UsingBaseClassTest" time="29.331" errors="0" timestamp="2023-01-10T16:09:08 IST" skipped="0">
  <testcase classname="testcase.manufacturer.ST_AddProductsOnlyAndCheckInAdminList_UsingBaseClassTest" name="addProductAndCheckInAdmin" time="29.331"/>
  <system-out/>
</testsuite> <!-- testcase.manufacturer.ST_AddProductsOnlyAndCheckInAdminList_UsingBaseClassTest -->
