<?xml version="1.0" encoding="UTF-8"?>
<!-- Generated by org.testng.reporters.JUnitReportReporter -->
<testsuite hostname="Dell-Inspiron-5501" failures="0" tests="1" name="testcase.manufacturer.AllTests" time="28.154" errors="0" timestamp="2023-01-09T17:49:19 IST" skipped="0">
  <testcase classname="testcase.manufacturer.AllTests" name="addProduct" time="28.154"/>
  <system-out/>
</testsuite> <!-- testcase.manufacturer.AllTests -->
