<?xml version="1.0" encoding="UTF-8"?>
<!-- Generated by org.testng.reporters.JUnitReportReporter -->
<testsuite hostname="Dell-Inspiron-5501" failures="0" tests="1" name="testcase.manufacturer.testng.ST_AddingNewUnit_UsingBaseClassTest" time="7.159" errors="0" timestamp="2023-01-10T16:21:25 IST" skipped="0">
  <testcase classname="testcase.manufacturer.testng.ST_AddingNewUnit_UsingBaseClassTest" name="addingNewUnit" time="7.159"/>
  <system-out/>
</testsuite> <!-- testcase.manufacturer.testng.ST_AddingNewUnit_UsingBaseClassTest -->
