<?xml version="1.0" encoding="UTF-8"?>
<!-- Generated by org.testng.reporters.JUnitReportReporter -->
<testsuite hostname="Dell-Inspiron-5501" failures="1" tests="11" name="testcase.testng.P02BasicExampleToShowTestAnnotationWithPriorityInvocationCountDependsOnMethods2" time="0.033" errors="0" timestamp="2023-01-06T16:04:20 IST" skipped="0">
  <testcase classname="testcase.testng.P02BasicExampleToShowTestAnnotationWithPriorityInvocationCountDependsOnMethods2" name="travel2" time="0.002"/>
  <system-out/>
  <testcase classname="testcase.testng.P02BasicExampleToShowTestAnnotationWithPriorityInvocationCountDependsOnMethods2" name="createCustomer" time="0.001"/>
  <system-out>
createCustomer  </system-out>
  <testcase classname="testcase.testng.P02BasicExampleToShowTestAnnotationWithPriorityInvocationCountDependsOnMethods2" name="deleteCustomer" time="0.001"/>
  <system-out>
deleteCustomer  </system-out>
  <testcase classname="testcase.testng.P02BasicExampleToShowTestAnnotationWithPriorityInvocationCountDependsOnMethods2" name="editCustomer" time="0.002"/>
  <system-out>
editCustomer  </system-out>
  <testcase classname="testcase.testng.P02BasicExampleToShowTestAnnotationWithPriorityInvocationCountDependsOnMethods2" name="editCustomer" time="0.002"/>
  <system-out>
editCustomer  </system-out>
  <testcase classname="testcase.testng.P02BasicExampleToShowTestAnnotationWithPriorityInvocationCountDependsOnMethods2" name="deleteCustomer2" time="0.006">
    <failure message="null" type="java.lang.AssertionError">
      <![CDATA[java.lang.AssertionError: null
at org.testng.Assert.fail(Assert.java:97)
at org.testng.Assert.fail(Assert.java:102)
at testcase.testng.P02BasicExampleToShowTestAnnotationWithPriorityInvocationCountDependsOnMethods2.deleteCustomer2(P02BasicExampleToShowTestAnnotationWithPriorityInvocationCountDependsOnMethods2.java:71)
at java.base/jdk.internal.reflect.NativeMethodAccessorImpl.invoke0(Native Method)
at java.base/jdk.internal.reflect.NativeMethodAccessorImpl.invoke(NativeMethodAccessorImpl.java:62)
at java.base/jdk.internal.reflect.DelegatingMethodAccessorImpl.invoke(DelegatingMethodAccessorImpl.java:43)
at java.base/java.lang.reflect.Method.invoke(Method.java:564)
at org.testng.internal.MethodInvocationHelper.invokeMethod(MethodInvocationHelper.java:134)
at org.testng.internal.TestInvoker.invokeMethod(TestInvoker.java:597)
at org.testng.internal.TestInvoker.invokeTestMethod(TestInvoker.java:173)
at org.testng.internal.MethodRunner.runInSequence(MethodRunner.java:46)
at org.testng.internal.TestInvoker$MethodInvocationAgent.invoke(TestInvoker.java:816)
at org.testng.internal.TestInvoker.invokeTestMethods(TestInvoker.java:146)
at org.testng.internal.TestMethodWorker.invokeTestMethods(TestMethodWorker.java:146)
at org.testng.internal.TestMethodWorker.run(TestMethodWorker.java:128)
at java.base/java.util.ArrayList.forEach(ArrayList.java:1511)
at org.testng.TestRunner.privateRun(TestRunner.java:766)
at org.testng.TestRunner.run(TestRunner.java:587)
at org.testng.SuiteRunner.runTest(SuiteRunner.java:384)
at org.testng.SuiteRunner.runSequentially(SuiteRunner.java:378)
at org.testng.SuiteRunner.privateRun(SuiteRunner.java:337)
at org.testng.SuiteRunner.run(SuiteRunner.java:286)
at org.testng.SuiteRunnerWorker.runSuite(SuiteRunnerWorker.java:53)
at org.testng.SuiteRunnerWorker.run(SuiteRunnerWorker.java:96)
at org.testng.TestNG.runSuitesSequentially(TestNG.java:1187)
at org.testng.TestNG.runSuitesLocally(TestNG.java:1109)
at org.testng.TestNG.runSuites(TestNG.java:1039)
at org.testng.TestNG.run(TestNG.java:1007)
at org.testng.remote.AbstractRemoteTestNG.run(AbstractRemoteTestNG.java:115)
at org.testng.remote.RemoteTestNG.initAndRun(RemoteTestNG.java:251)
at org.testng.remote.RemoteTestNG.main(RemoteTestNG.java:77)
]]>
    </failure>
  </testcase> <!-- deleteCustomer2 -->
  <system-out>
deleteCustomer2  </system-out>
  <testcase classname="testcase.testng.P02BasicExampleToShowTestAnnotationWithPriorityInvocationCountDependsOnMethods2" name="createCustomer" time="0.013"/>
  <system-out>
createCustomer  </system-out>
  <testcase classname="testcase.testng.P02BasicExampleToShowTestAnnotationWithPriorityInvocationCountDependsOnMethods2" name="travel2" time="0.002"/>
  <system-out/>
  <testcase classname="testcase.testng.P02BasicExampleToShowTestAnnotationWithPriorityInvocationCountDependsOnMethods2" name="travel" time="0.001"/>
  <system-out/>
  <testcase classname="testcase.testng.P02BasicExampleToShowTestAnnotationWithPriorityInvocationCountDependsOnMethods2" name="travel" time="0.002"/>
  <system-out/>
  <testcase classname="testcase.testng.P02BasicExampleToShowTestAnnotationWithPriorityInvocationCountDependsOnMethods2" name="travel2" time="0.001"/>
  <system-out/>
</testsuite> <!-- testcase.testng.P02BasicExampleToShowTestAnnotationWithPriorityInvocationCountDependsOnMethods2 -->
