<?xml version="1.0" encoding="UTF-8"?>
<!-- Generated by org.testng.reporters.JUnitReportReporter -->
<testsuite hostname="Dell-Inspiron-5501" failures="0" tests="1" name="testcase.manufacturer.ST_AddingNewUnit_UsingBaseClassTest" time="8.062" errors="0" timestamp="2023-01-10T10:49:15 IST" skipped="0">
  <testcase classname="testcase.manufacturer.ST_AddingNewUnit_UsingBaseClassTest" name="addingNewUnit" time="8.062"/>
  <system-out/>
</testsuite> <!-- testcase.manufacturer.ST_AddingNewUnit_UsingBaseClassTest -->
