<?xml version="1.0" encoding="UTF-8"?>
<!-- Generated by org.testng.reporters.JUnitReportReporter -->
<testsuite hostname="Dell-Inspiron-5501" failures="0" tests="11" name="testcase.testng.BasicExampleToShowTestAnnotationWithPriorityInvocationCountDependsOnMethods" time="0.023" errors="0" timestamp="2023-01-09T14:39:18 IST" skipped="0">
  <testcase classname="testcase.testng.BasicExampleToShowTestAnnotationWithPriorityInvocationCountDependsOnMethods" name="editCustomer" time="0.002"/>
  <system-out>
editCustomer  </system-out>
  <testcase classname="testcase.testng.BasicExampleToShowTestAnnotationWithPriorityInvocationCountDependsOnMethods" name="travel" time="0.002"/>
  <system-out/>
  <testcase classname="testcase.testng.BasicExampleToShowTestAnnotationWithPriorityInvocationCountDependsOnMethods" name="editCustomer" time="0.001"/>
  <system-out>
editCustomer  </system-out>
  <testcase classname="testcase.testng.BasicExampleToShowTestAnnotationWithPriorityInvocationCountDependsOnMethods" name="createCustomer" time="0.007"/>
  <system-out>
createCustomer  </system-out>
  <testcase classname="testcase.testng.BasicExampleToShowTestAnnotationWithPriorityInvocationCountDependsOnMethods" name="deleteCustomer" time="0.002"/>
  <system-out>
deleteCustomer  </system-out>
  <testcase classname="testcase.testng.BasicExampleToShowTestAnnotationWithPriorityInvocationCountDependsOnMethods" name="travel" time="0.002"/>
  <system-out/>
  <testcase classname="testcase.testng.BasicExampleToShowTestAnnotationWithPriorityInvocationCountDependsOnMethods" name="travel" time="0.001"/>
  <system-out/>
  <testcase classname="testcase.testng.BasicExampleToShowTestAnnotationWithPriorityInvocationCountDependsOnMethods" name="travel2" time="0.001"/>
  <system-out/>
  <testcase classname="testcase.testng.BasicExampleToShowTestAnnotationWithPriorityInvocationCountDependsOnMethods" name="travel2" time="0.002"/>
  <system-out/>
  <testcase classname="testcase.testng.BasicExampleToShowTestAnnotationWithPriorityInvocationCountDependsOnMethods" name="travel2" time="0.001"/>
  <system-out/>
  <testcase classname="testcase.testng.BasicExampleToShowTestAnnotationWithPriorityInvocationCountDependsOnMethods" name="createCustomer" time="0.002"/>
  <system-out>
createCustomer  </system-out>
</testsuite> <!-- testcase.testng.BasicExampleToShowTestAnnotationWithPriorityInvocationCountDependsOnMethods -->
